Arguments: 
  /usr/local/bin/node /usr/local/bin/yarn add concurrently

PATH: 
  /Library/Frameworks/Python.framework/Versions/3.7/bin:/Library/Frameworks/Python.framework/Versions/3.7/bin:/opt/local/bin:/opt/local/sbin:/Library/Frameworks/Python.framework/Versions/3.6/bin:/Library/Frameworks/Python.framework/Versions/3.5/bin:/Library/Frameworks/Python.framework/Versions/3.6/bin:/usr/local/bin:/usr/bin:/bin:/usr/sbin:/sbin:/usr/local/share/dotnet:/opt/X11/bin:~/.dotnet/tools:/Library/Frameworks/Mono.framework/Versions/Current/Commands:/Library/Frameworks/Python.framework/Versions/3.7/bin:/Users/fokpoonkai/anaconda3/condabin:/opt/local/bin:/opt/local/sbin:/Library/Frameworks/Python.framework/Versions/3.6/bin:/Library/Frameworks/Python.framework/Versions/3.5/bin

Yarn version: 
  1.9.4

Node version: 
  10.15.1

Platform: 
  darwin x64

Trace: 
  SyntaxError: /Users/fokpoonkai/WebstormProjects/rental_apartment/package.json: Unexpected token } in JSON at position 282
      at JSON.parse (<anonymous>)
      at /usr/local/lib/node_modules/yarn/lib/cli.js:1130:59
      at Generator.next (<anonymous>)
      at step (/usr/local/lib/node_modules/yarn/lib/cli.js:92:30)
      at /usr/local/lib/node_modules/yarn/lib/cli.js:103:13

npm manifest: 
  {
    "name": "alan",
    "version": "1.0.0",
    "main": "index.js",
    "repository": "https://alanfok@github.com/alanfok/rental_apartment.git",
    "author": "alan <alan606@gmail.com>",
    "scripts": {
      "client": "cd frontEnd && yarn start",
      "server": "cd backEnd && node app.js",
    },
    "license": "MIT"
  }

yarn manifest: 
  No manifest

Lockfile: 
  No lockfile
